{
  "contracts/OurToken.sol": {
    "l": { "8": 0 },
    "path": "/media/sharath/59a93e09-d123-4481-b446-4929f83ea50d/sharath/GitHub/hardhat-erc20-fcc/contracts/OurToken.sol",
    "s": { "1": 0 },
    "b": {},
    "f": { "1": 0 },
    "fnMap": {
      "1": {
        "name": "constructor",
        "line": 7,
        "loc": {
          "start": { "line": 7, "column": 4 },
          "end": { "line": 9, "column": 4 }
        }
      }
    },
    "statementMap": {
      "1": {
        "start": { "line": 8, "column": 8 },
        "end": { "line": 8, "column": 52 }
      }
    },
    "branchMap": {}
  }
}
